lis 06, 2014 2:24:04 PM pl.grm.bolls.Server main
INFO: Starting Server
lis 06, 2014 2:24:04 PM pl.grm.bolls.Server main
INFO: Server should be running
lis 06, 2014 2:24:04 PM pl.grm.bolls.Server main
INFO: My Host/IP: Ninja-Workspace/192.168.1.11
lis 06, 2014 2:24:04 PM pl.grm.bolls.Server main
INFO: Running on port: 1234
lis 06, 2014 2:24:08 PM pl.grm.bolls.ServerDBImpl checkIfExists
SEVERE: java.sql.SQLException: No suitable driver found for jdbc:mysql://91.230.204.135:3306/BattleOfLegends?user=BOL&password=nPGU7t3v3TsJByNH
java.sql.SQLException: No suitable driver found for jdbc:mysql://91.230.204.135:3306/BattleOfLegends?user=BOL&password=nPGU7t3v3TsJByNH
	at java.sql.DriverManager.getConnection(DriverManager.java:689)
	at java.sql.DriverManager.getConnection(DriverManager.java:270)
	at pl.grm.bolls.ServerDBImpl.executeQuery(ServerDBImpl.java:74)
	at pl.grm.bolls.ServerDBImpl.checkIfExists(ServerDBImpl.java:39)
	at sun.reflect.NativeMethodAccessorImpl.invoke0(Native Method)
	at sun.reflect.NativeMethodAccessorImpl.invoke(NativeMethodAccessorImpl.java:62)
	at sun.reflect.DelegatingMethodAccessorImpl.invoke(DelegatingMethodAccessorImpl.java:43)
	at java.lang.reflect.Method.invoke(Method.java:483)
	at sun.rmi.server.UnicastServerRef.dispatch(UnicastServerRef.java:323)
	at sun.rmi.transport.Transport$1.run(Transport.java:178)
	at sun.rmi.transport.Transport$1.run(Transport.java:175)
	at java.security.AccessController.doPrivileged(Native Method)
	at sun.rmi.transport.Transport.serviceCall(Transport.java:174)
	at sun.rmi.transport.tcp.TCPTransport.handleMessages(TCPTransport.java:557)
	at sun.rmi.transport.tcp.TCPTransport$ConnectionHandler.run0(TCPTransport.java:812)
	at sun.rmi.transport.tcp.TCPTransport$ConnectionHandler.run(TCPTransport.java:671)
	at java.util.concurrent.ThreadPoolExecutor.runWorker(ThreadPoolExecutor.java:1142)
	at java.util.concurrent.ThreadPoolExecutor$Worker.run(ThreadPoolExecutor.java:617)
	at java.lang.Thread.run(Thread.java:745)

lis 06, 2014 2:24:28 PM pl.grm.bolls.ServerDBImpl checkIfExists
SEVERE: java.sql.SQLException: No suitable driver found for jdbc:mysql://91.230.204.135:3306/BattleOfLegends?user=BOL&password=nPGU7t3v3TsJByNH
java.sql.SQLException: No suitable driver found for jdbc:mysql://91.230.204.135:3306/BattleOfLegends?user=BOL&password=nPGU7t3v3TsJByNH
	at java.sql.DriverManager.getConnection(DriverManager.java:689)
	at java.sql.DriverManager.getConnection(DriverManager.java:270)
	at pl.grm.bolls.ServerDBImpl.executeQuery(ServerDBImpl.java:74)
	at pl.grm.bolls.ServerDBImpl.checkIfExists(ServerDBImpl.java:39)
	at sun.reflect.NativeMethodAccessorImpl.invoke0(Native Method)
	at sun.reflect.NativeMethodAccessorImpl.invoke(NativeMethodAccessorImpl.java:62)
	at sun.reflect.DelegatingMethodAccessorImpl.invoke(DelegatingMethodAccessorImpl.java:43)
	at java.lang.reflect.Method.invoke(Method.java:483)
	at sun.rmi.server.UnicastServerRef.dispatch(UnicastServerRef.java:323)
	at sun.rmi.transport.Transport$1.run(Transport.java:178)
	at sun.rmi.transport.Transport$1.run(Transport.java:175)
	at java.security.AccessController.doPrivileged(Native Method)
	at sun.rmi.transport.Transport.serviceCall(Transport.java:174)
	at sun.rmi.transport.tcp.TCPTransport.handleMessages(TCPTransport.java:557)
	at sun.rmi.transport.tcp.TCPTransport$ConnectionHandler.run0(TCPTransport.java:812)
	at sun.rmi.transport.tcp.TCPTransport$ConnectionHandler.run(TCPTransport.java:671)
	at java.util.concurrent.ThreadPoolExecutor.runWorker(ThreadPoolExecutor.java:1142)
	at java.util.concurrent.ThreadPoolExecutor$Worker.run(ThreadPoolExecutor.java:617)
	at java.lang.Thread.run(Thread.java:745)

